<?xml version="1.0" encoding="UTF-8"?>
<!-- Generated by org.testng.reporters.JUnitXMLReporter -->
<testsuite ignored="0" hostname="DMatrix" failures="1" tests="8" name="Surefire test" time="40.971" errors="0" timestamp="2024-12-14T14:56:52 IST">
  <testcase classname="dhaneshproject.tests.ErrorValidationTest" name="loginErrorValidation" time="0.888">
    <skipped/>
  </testcase> <!-- loginErrorValidation -->
  <testcase classname="dhaneshproject.tests.ErrorValidationTest" name="loginErrorValidation" time="0.727">
    <failure type="java.lang.AssertionError" message="expected [Incorrect email o password.] but found [Incorrect email or password.]">
      <![CDATA[java.lang.AssertionError: expected [Incorrect email o password.] but found [Incorrect email or password.]
at dhaneshproject.tests.ErrorValidationTest.loginErrorValidation(ErrorValidationTest.java:23)
at java.base/java.util.ArrayList.forEach(ArrayList.java:1511)
... Removed 38 stack frames]]>
    </failure>
  </testcase> <!-- loginErrorValidation -->
  <testcase classname="dhaneshproject.tests.ErrorValidationTest" name="productErrorValidation" time="3.488"/>
  <testcase classname="dhaneshproject.tests.SampleTest" name="getHandle" time="3.5"/>
  <testcase classname="dhaneshproject.tests.SampleTest" name="getTitle" time="3.16"/>
  <testcase classname="dhaneshproject.tests.SubmitOrderTest" name="submitOrder" time="4.248"/>
  <testcase classname="dhaneshproject.tests.SubmitOrderTest" name="submitOrder" time="7.189"/>
  <testcase classname="dhaneshproject.tests.SubmitOrderTest" name="orderHistory" time="0.973"/>
</testsuite> <!-- Surefire test -->
