<?xml version="1.0" encoding="UTF-8"?>
<!-- Generated by org.testng.reporters.JUnitXMLReporter -->
<testsuite ignored="0" hostname="DMatrix" failures="0" tests="2" name="ErrorValidationTest" time="8.936" errors="0" timestamp="2025-02-28T09:09:27 IST">
  <testcase classname="dhaneshproject.tests.ErrorValidationTest" name="loginErrorValidation" time="0.692"/>
  <testcase classname="dhaneshproject.tests.ErrorValidationTest" name="productErrorValidation" time="3.306"/>
</testsuite> <!-- ErrorValidationTest -->
