<?xml version="1.0" encoding="UTF-8"?>
<!-- Generated by org.testng.reporters.JUnitXMLReporter -->
<testsuite ignored="1" hostname="DMatrix" failures="0" tests="1" name="ErrorValidationTest" time="4.59" errors="0" timestamp="2024-12-16T14:25:30 IST">
  <testcase classname="dhaneshproject.tests.ErrorValidationTest" name="loginErrorValidation" time="1.168"/>
  <testcase classname="dhaneshproject.tests.ErrorValidationTest" name="productErrorValidation" time="0.0">
    <ignored/>
  </testcase> <!-- productErrorValidation -->
</testsuite> <!-- ErrorValidationTest -->
