<?xml version="1.0" encoding="UTF-8"?>
<!-- Generated by org.testng.reporters.JUnitXMLReporter -->
<testsuite ignored="0" hostname="DMatrix" failures="0" tests="2" name="ErrorValidationTest" time="20.129" errors="0" timestamp="2025-03-02T09:04:37 IST">
  <testcase classname="dhaneshproject.tests.ErrorValidationTest" name="loginErrorValidation" time="0.489"/>
  <testcase classname="dhaneshproject.tests.ErrorValidationTest" name="productErrorValidation" time="3.507"/>
</testsuite> <!-- ErrorValidationTest -->
