<?xml version="1.0" encoding="UTF-8"?>
<!-- Generated by org.testng.reporters.JUnitXMLReporter -->
<testsuite ignored="0" hostname="DMatrix" failures="0" tests="2" name="ErrorValidationTest" time="13.309" errors="0" timestamp="2024-12-18T14:27:20 IST">
  <testcase classname="dhaneshproject.tests.ErrorValidationTest" name="loginErrorValidation" time="1.239"/>
  <testcase classname="dhaneshproject.tests.ErrorValidationTest" name="productErrorValidation" time="3.653"/>
</testsuite> <!-- ErrorValidationTest -->
