<?xml version="1.0" encoding="UTF-8"?>
<!-- Generated by org.testng.reporters.JUnitXMLReporter -->
<testsuite ignored="1" hostname="DMatrix" failures="0" tests="2" name="SubmitOrderTest" time="24.181" errors="0" timestamp="2025-03-02T08:59:15 IST">
  <testcase classname="dhaneshproject.tests.SubmitOrderTest" name="submitOrder" time="4.326"/>
  <testcase classname="dhaneshproject.tests.SubmitOrderTest" name="submitOrder" time="4.176"/>
  <testcase classname="dhaneshproject.tests.SubmitOrderTest" name="orderHistory" time="0.0">
    <ignored/>
  </testcase> <!-- orderHistory -->
</testsuite> <!-- SubmitOrderTest -->
