<?xml version="1.0" encoding="UTF-8"?>
<!-- Generated by org.testng.reporters.JUnitXMLReporter -->
<testsuite ignored="0" hostname="DMatrix" failures="0" tests="3" name="SubmitOrderTest" time="21.372" errors="0" timestamp="2024-12-18T14:27:27 IST">
  <testcase classname="dhaneshproject.tests.SubmitOrderTest" name="submitOrder" time="6.541"/>
  <testcase classname="dhaneshproject.tests.SubmitOrderTest" name="submitOrder" time="4.797"/>
  <testcase classname="dhaneshproject.tests.SubmitOrderTest" name="orderHistory" time="0.861"/>
</testsuite> <!-- SubmitOrderTest -->
