<?xml version="1.0" encoding="UTF-8"?>
<testng-results ignored="0" total="2" passed="2" failed="0" skipped="0">
  <reporter-output>
  </reporter-output>
  <suite started-at="2025-03-02T09:04:17 IST" name="Suite" finished-at="2025-03-02T09:04:37 IST" duration-ms="20129">
    <groups>
      <group name="Error Handling">
        <method signature="ErrorValidationTest.loginErrorValidation()[pri:0, instance:dhaneshproject.tests.ErrorValidationTest@74e52303]" name="loginErrorValidation" class="dhaneshproject.tests.ErrorValidationTest"/>
        <method signature="ErrorValidationTest.productErrorValidation()[pri:0, instance:dhaneshproject.tests.ErrorValidationTest@74e52303]" name="productErrorValidation" class="dhaneshproject.tests.ErrorValidationTest"/>
      </group> <!-- Error Handling -->
    </groups>
    <test started-at="2025-03-02T09:04:17 IST" name="ErrorValidationTest" finished-at="2025-03-02T09:04:37 IST" duration-ms="20129">
      <class name="dhaneshproject.tests.ErrorValidationTest">
        <test-method is-config="true" signature="launchApplication()[pri:0, instance:dhaneshproject.tests.ErrorValidationTest@74e52303]" started-at="2025-03-02T09:04:17 IST" name="launchApplication" finished-at="2025-03-02T09:04:24 IST" duration-ms="7187" status="PASS">
          <reporter-output>
          </reporter-output>
        </test-method> <!-- launchApplication -->
        <test-method signature="loginErrorValidation()[pri:0, instance:dhaneshproject.tests.ErrorValidationTest@74e52303]" started-at="2025-03-02T09:04:24 IST" name="loginErrorValidation" finished-at="2025-03-02T09:04:25 IST" duration-ms="489" status="PASS">
          <reporter-output>
          </reporter-output>
        </test-method> <!-- loginErrorValidation -->
        <test-method is-config="true" signature="tearDown()[pri:0, instance:dhaneshproject.tests.ErrorValidationTest@74e52303]" started-at="2025-03-02T09:04:25 IST" name="tearDown" finished-at="2025-03-02T09:04:26 IST" duration-ms="1264" status="PASS">
          <reporter-output>
          </reporter-output>
        </test-method> <!-- tearDown -->
        <test-method is-config="true" signature="launchApplication()[pri:0, instance:dhaneshproject.tests.ErrorValidationTest@74e52303]" started-at="2025-03-02T09:04:26 IST" name="launchApplication" finished-at="2025-03-02T09:04:32 IST" duration-ms="6178" status="PASS">
          <reporter-output>
          </reporter-output>
        </test-method> <!-- launchApplication -->
        <test-method signature="productErrorValidation()[pri:0, instance:dhaneshproject.tests.ErrorValidationTest@74e52303]" started-at="2025-03-02T09:04:32 IST" name="productErrorValidation" finished-at="2025-03-02T09:04:36 IST" duration-ms="3507" status="PASS">
          <reporter-output>
          </reporter-output>
        </test-method> <!-- productErrorValidation -->
        <test-method is-config="true" signature="tearDown()[pri:0, instance:dhaneshproject.tests.ErrorValidationTest@74e52303]" started-at="2025-03-02T09:04:36 IST" name="tearDown" finished-at="2025-03-02T09:04:37 IST" duration-ms="1434" status="PASS">
          <reporter-output>
          </reporter-output>
        </test-method> <!-- tearDown -->
      </class> <!-- dhaneshproject.tests.ErrorValidationTest -->
    </test> <!-- ErrorValidationTest -->
  </suite> <!-- Suite -->
</testng-results>
